862  [background-preinit] INFO  o.h.validator.internal.util.Version
                – HV000001: Hibernate Validator 8.0.1.Final
931  [restartedMain] INFO  c.example.java11.Java11Application
                – Starting Java11Application using Java 20.0.2 with PID 7480 (C:\Users\asus\IdeaProjects\java23\target\classes started by asus in C:\Users\asus\IdeaProjects\java23)
932  [restartedMain] INFO  c.example.java11.Java11Application
                – No active profile set, falling back to 1 default profile: "default"
1000 [restartedMain] INFO  o.s.b.d.e.DevToolsPropertyDefaultsPostProcessor
                – Devtools property defaults active! Set 'spring.devtools.add-properties' to 'false' to disable
1000 [restartedMain] INFO  o.s.b.d.e.DevToolsPropertyDefaultsPostProcessor
                – For additional web related logging consider setting the 'logging.level.web' property to 'DEBUG'
2199 [restartedMain] INFO  o.s.d.r.c.RepositoryConfigurationDelegate
                – Bootstrapping Spring Data JPA repositories in DEFAULT mode.
2369 [restartedMain] INFO  o.s.d.r.c.RepositoryConfigurationDelegate
                – Finished Spring Data repository scanning in 163 ms. Found 3 JPA repository interfaces.
4941 [restartedMain] INFO  o.s.b.w.e.tomcat.TomcatWebServer
                – Tomcat initialized with port 8080 (http)
4979 [restartedMain] INFO  o.a.coyote.http11.Http11NioProtocol
                – Initializing ProtocolHandler ["http-nio-8080"]
4984 [restartedMain] INFO  o.a.catalina.core.StandardService
                – Starting service [Tomcat]
4985 [restartedMain] INFO  o.a.catalina.core.StandardEngine
                – Starting Servlet engine: [Apache Tomcat/10.1.19]
5091 [restartedMain] INFO  o.a.c.c.C.[Tomcat].[localhost].[/]
                – Initializing Spring embedded WebApplicationContext
5091 [restartedMain] INFO  o.s.b.w.s.c.ServletWebServerApplicationContext
                – Root WebApplicationContext: initialization completed in 4090 ms
5957 [restartedMain] INFO  o.h.jpa.internal.util.LogHelper
                – HHH000204: Processing PersistenceUnitInfo [name: default]
6042 [restartedMain] INFO  org.hibernate.Version
                – HHH000412: Hibernate ORM core version 6.2.8.Final
6044 [restartedMain] INFO  org.hibernate.cfg.Environment
                – HHH000406: Using bytecode reflection optimizer
6322 [restartedMain] INFO  o.h.b.i.BytecodeProviderInitiator
                – HHH000021: Bytecode provider name : bytebuddy
6733 [restartedMain] INFO  o.s.o.j.p.SpringPersistenceUnitInfo
                – No LoadTimeWeaver setup: ignoring JPA class transformer
6770 [restartedMain] INFO  com.zaxxer.hikari.HikariDataSource
                – HikariPool-1 - Starting...
7115 [restartedMain] INFO  com.zaxxer.hikari.pool.HikariPool
                – HikariPool-1 - Added connection org.postgresql.jdbc.PgConnection@4b9324a2
7118 [restartedMain] INFO  com.zaxxer.hikari.HikariDataSource
                – HikariPool-1 - Start completed.
7550 [restartedMain] INFO  o.h.b.i.BytecodeProviderInitiator
                – HHH000021: Bytecode provider name : bytebuddy
8420 [restartedMain] INFO  o.h.e.t.j.p.i.JtaPlatformInitiator
                – HHH000490: Using JtaPlatform implementation: [org.hibernate.engine.transaction.jta.platform.internal.NoJtaPlatform]
8651 [restartedMain] INFO  o.s.o.j.LocalContainerEntityManagerFactoryBean
                – Initialized JPA EntityManagerFactory for persistence unit 'default'
9736 [restartedMain] WARN  o.s.b.a.o.j.JpaBaseConfiguration$JpaWebConfiguration
                – spring.jpa.open-in-view is enabled by default. Therefore, database queries may be performed during view rendering. Explicitly configure spring.jpa.open-in-view to disable this warning
9979 [restartedMain] INFO  o.s.b.a.w.s.WelcomePageHandlerMapping
                – Adding welcome page template: index
10799 [restartedMain] INFO  o.s.b.a.e.web.EndpointLinksResolver
                – Exposing 1 endpoint(s) beneath base path '/actuator'
11159 [restartedMain] INFO  o.s.s.w.DefaultSecurityFilterChain
                – Will secure any request with [org.springframework.security.web.session.DisableEncodeUrlFilter@4fd0200, org.springframework.security.web.context.request.async.WebAsyncManagerIntegrationFilter@67870d9d, org.springframework.security.web.context.SecurityContextHolderFilter@448aa5f8, org.springframework.security.web.header.HeaderWriterFilter@114794f7, org.springframework.web.filter.CorsFilter@765dc63d, org.springframework.security.web.authentication.logout.LogoutFilter@2d7d044c, org.springframework.security.web.authentication.UsernamePasswordAuthenticationFilter@490e1af6, org.springframework.security.web.authentication.ui.DefaultLoginPageGeneratingFilter@7ba1edae, org.springframework.security.web.authentication.ui.DefaultLogoutPageGeneratingFilter@5d991b1f, org.springframework.security.web.savedrequest.RequestCacheAwareFilter@2c27b709, org.springframework.security.web.servletapi.SecurityContextHolderAwareRequestFilter@3a9a4807, org.springframework.security.web.authentication.AnonymousAuthenticationFilter@3198ffae, org.springframework.security.web.access.ExceptionTranslationFilter@fae17b8, org.springframework.security.web.access.intercept.AuthorizationFilter@28fc984e]
12985 [restartedMain] INFO  o.s.b.d.a.OptionalLiveReloadServer
                – LiveReload server is running on port 35729
13063 [restartedMain] INFO  o.a.coyote.http11.Http11NioProtocol
                – Starting ProtocolHandler ["http-nio-8080"]
13088 [restartedMain] INFO  o.s.b.w.e.tomcat.TomcatWebServer
                – Tomcat started on port 8080 (http) with context path ''
13112 [restartedMain] INFO  c.example.java11.Java11Application
                – Started Java11Application in 12.648 seconds (process running for 14.794)
17288 [http-nio-8080-exec-2] INFO  o.a.c.c.C.[Tomcat].[localhost].[/]
                – Initializing Spring DispatcherServlet 'dispatcherServlet'
17290 [http-nio-8080-exec-2] INFO  o.s.web.servlet.DispatcherServlet
                – Initializing Servlet 'dispatcherServlet'
17291 [http-nio-8080-exec-2] INFO  o.s.web.servlet.DispatcherServlet
                – Completed initialization in 1 ms
38721 [http-nio-8080-exec-3] INFO  c.e.java11.logging.LoggingAspect
                – Parameters: admin
59590 [SpringApplicationShutdownHook] INFO  o.s.o.j.LocalContainerEntityManagerFactoryBean
                – Closing JPA EntityManagerFactory for persistence unit 'default'
59594 [SpringApplicationShutdownHook] INFO  com.zaxxer.hikari.HikariDataSource
                – HikariPool-1 - Shutdown initiated...
59597 [SpringApplicationShutdownHook] INFO  com.zaxxer.hikari.HikariDataSource
                – HikariPool-1 - Shutdown completed.
